<?xml version="1.0" encoding="UTF-8"?>
<testng-results ignored="0" total="2" passed="2" failed="0" skipped="0">
  <reporter-output>
  </reporter-output>
  <suite started-at="2022-04-03T07:50:16Z" name="Default suite" finished-at="2022-04-03T07:51:07Z" duration-ms="51109">
    <groups>
    </groups>
    <test started-at="2022-04-03T07:50:16Z" name="Default test" finished-at="2022-04-03T07:51:07Z" duration-ms="51109">
      <class name="com.onlineflight.testCases.TC_FlightBooking">
        <test-method is-config="true" signature="setup()[pri:0, instance:com.onlineflight.testCases.TC_FlightBooking@50dfbc58]" started-at="2022-04-03T07:50:16Z" name="setup" finished-at="2022-04-03T07:50:19Z" duration-ms="3080" status="PASS">
          <reporter-output>
          </reporter-output>
        </test-method> <!-- setup -->
        <test-method signature="verifyTitle()[pri:0, instance:com.onlineflight.testCases.TC_FlightBooking@50dfbc58]" started-at="2022-04-03T07:50:19Z" name="verifyTitle" finished-at="2022-04-03T07:50:46Z" duration-ms="27177" status="PASS">
          <reporter-output>
          </reporter-output>
        </test-method> <!-- verifyTitle -->
        <test-method signature="Searchflight()[pri:1, instance:com.onlineflight.testCases.TC_FlightBooking@50dfbc58]" started-at="2022-04-03T07:50:46Z" name="Searchflight" finished-at="2022-04-03T07:51:06Z" duration-ms="19904" status="PASS">
          <reporter-output>
          </reporter-output>
        </test-method> <!-- Searchflight -->
        <test-method is-config="true" signature="tearDown()[pri:0, instance:com.onlineflight.testCases.TC_FlightBooking@50dfbc58]" started-at="2022-04-03T07:51:06Z" name="tearDown" finished-at="2022-04-03T07:51:07Z" duration-ms="872" status="PASS">
          <reporter-output>
          </reporter-output>
        </test-method> <!-- tearDown -->
      </class> <!-- com.onlineflight.testCases.TC_FlightBooking -->
    </test> <!-- Default test -->
  </suite> <!-- Default suite -->
</testng-results>
